{"logTime": "0513/185606", "correlationVector":"ts6tUMGElTY4PeTTETKPWr.0","action":"FeedSettingFetch_homeCloud", "result":"0", "context":{}}
{"logTime": "0513/185606", "correlationVector":"h7HeTL+p7368OR/XBLgsAW.1","action":"SyncServerConnectionManagerRequest", "result":"SYNC_SERVER_OK", "context":{"environment":"48F630A6-CB1B-4CC7-86AF-0F6627234B58|106", "server":"AM3PEPF000009AC"}}
{"logTime": "0513/185606", "correlationVector":"w1xqn7J50/btyK6cXy0fui.1","action":"SyncServerConnectionManagerRequest", "result":"SYNC_SERVER_OK", "context":{"environment":"48F630A6-CB1B-4CC7-86AF-0F6627234B58|106", "server":"AM3PEPF000009AC"}}
{"logTime": "0513/185606", "correlationVector":"h7HeTL+p7368OR/XBLgsAW","action":"Initial GetUpdates", "result":""}
{"logTime": "0513/185606", "correlationVector":"h7HeTL+p7368OR/XBLgsAW.2","action":"GetUpdates Response", "result":"SERVER_MORE_TO_DOWNLOAD"}
{"logTime": "0513/185606", "correlationVector":"w1xqn7J50/btyK6cXy0fui","action":"Initial GetUpdates", "result":""}
{"logTime": "0513/185606", "correlationVector":"w1xqn7J50/btyK6cXy0fui.2","action":"GetUpdates Response", "result":"SYNCER_OK"}
{"logTime": "0513/185606", "correlationVector":"uDqM2MzbS4kZ2Klqof6lrn","action":"Initial GetUpdates", "result":""}
{"logTime": "0513/185606", "correlationVector":"uDqM2MzbS4kZ2Klqof6lrn.1","action":"SyncServerConnectionManagerRequest", "result":"SYNC_SERVER_OK", "context":{"environment":"48F630A6-CB1B-4CC7-86AF-0F6627234B58|106", "server":"AM3PEPF000009AC"}}
{"logTime": "0513/185606", "correlationVector":"uDqM2MzbS4kZ2Klqof6lrn.2","action":"GetUpdates Response", "result":"SERVER_MORE_TO_DOWNLOAD"}
{"logTime": "0513/185606", "correlationVector":"P11PDyoYfLUYLZi2+C2vXx","action":"Initial GetUpdates", "result":""}
{"logTime": "0513/185606", "correlationVector":"P11PDyoYfLUYLZi2+C2vXx.1","action":"SyncServerConnectionManagerRequest", "result":"SYNC_SERVER_OK", "context":{"environment":"48F630A6-CB1B-4CC7-86AF-0F6627234B58|106", "server":"AM3PEPF000009AC"}}
{"logTime": "0513/185606", "correlationVector":"P11PDyoYfLUYLZi2+C2vXx.2","action":"GetUpdates Response", "result":"SYNCER_OK"}
{"logTime": "0513/185606", "correlationVector":"4hAyL8zINzGDGc1mdyzixN","action":"SyncServerConnectionManagerRequest", "result":"SYNC_SERVER_OK", "context":{"environment":"", "server":""}}
{"logTime": "0513/185606", "correlationVector":"vf7abUE6VyMF2Tk43YBxUn","action":"Initial GetUpdates", "result":""}
{"logTime": "0513/185606", "correlationVector":"vf7abUE6VyMF2Tk43YBxUn.1","action":"SyncServerConnectionManagerRequest", "result":"SYNC_SERVER_OK", "context":{"environment":"48F630A6-CB1B-4CC7-86AF-0F6627234B58|106", "server":"AM3PEPF000009AC"}}
{"logTime": "0513/185606", "correlationVector":"vf7abUE6VyMF2Tk43YBxUn.2","action":"GetUpdates Response", "result":"SERVER_MORE_TO_DOWNLOAD"}
{"logTime": "0513/185606", "correlationVector":"9/tBaeHY4RRIWl+PMph4oL","action":"Initial GetUpdates", "result":""}
{"logTime": "0513/185606", "correlationVector":"9/tBaeHY4RRIWl+PMph4oL.1","action":"SyncServerConnectionManagerRequest", "result":"SYNC_SERVER_OK", "context":{"environment":"48F630A6-CB1B-4CC7-86AF-0F6627234B58|106", "server":"AM3PEPF000009AC"}}
{"logTime": "0513/185606", "correlationVector":"9/tBaeHY4RRIWl+PMph4oL.2","action":"GetUpdates Response", "result":"SYNCER_OK"}
{"logTime": "0513/185606", "correlationVector":"KVfgKdmrqdFfNsytm5fldU","action":"Normal GetUpdate request", "result":""}
{"logTime": "0513/185606", "correlationVector":"KVfgKdmrqdFfNsytm5fldU.1","action":"SyncServerConnectionManagerRequest", "result":"SYNC_SERVER_OK", "context":{"environment":"48F630A6-CB1B-4CC7-86AF-0F6627234B58|106", "server":"AM3PEPF000009AC"}}
{"logTime": "0513/185606", "correlationVector":"KVfgKdmrqdFfNsytm5fldU.2","action":"GetUpdates Response", "result":"SYNCER_OK"}
{"logTime": "0513/185606", "correlationVector":"Dyr/ilz7FTnIiCcKXMsXCl","action":"Commit Request", "result":""}
{"logTime": "0513/185606", "correlationVector":"Dyr/ilz7FTnIiCcKXMsXCl.1","action":"SyncServerConnectionManagerRequest", "result":"SYNC_SERVER_OK", "context":{"environment":"48F630A6-CB1B-4CC7-86AF-0F6627234B58|106", "server":"AM3PEPF000009AC"}}
{"logTime": "0513/185606", "correlationVector":"Dyr/ilz7FTnIiCcKXMsXCl.2","action":"Commit Response", "result":"SYNCER_OK"}
{"logTime": "0513/185606", "correlationVector":"1PL+7CgsOzuZP5/5eMOAsj","action":"Commit Request", "result":""}
{"logTime": "0513/185606", "correlationVector":"1PL+7CgsOzuZP5/5eMOAsj.1","action":"SyncServerConnectionManagerRequest", "result":"SYNC_SERVER_OK", "context":{"environment":"48F630A6-CB1B-4CC7-86AF-0F6627234B58|106", "server":"AM3PEPF000009AC"}}
{"logTime": "0513/185606", "correlationVector":"1PL+7CgsOzuZP5/5eMOAsj.2","action":"Commit Response", "result":"SYNCER_OK"}
{"logTime": "0513/185728", "correlationVector":"yswBmQYBDWKjtmsaBh+a+t.0","action":"FeedSettingFetch_homeCloud", "result":"0", "context":{}}
{"logTime": "0513/185728", "correlationVector":"kEHDyw8rwA7Rnfx3zYEyFe.1","action":"SyncServerConnectionManagerRequest", "result":"SYNC_SERVER_OK", "context":{"environment":"48F630A6-CB1B-4CC7-86AF-0F6627234B58|106", "server":"AM3PEPF000009A9"}}
{"logTime": "0513/185728", "correlationVector":"9TuwrkpMD9qf1O9fQ3tYeb.1","action":"SyncServerConnectionManagerRequest", "result":"SYNC_SERVER_OK", "context":{"environment":"48F630A6-CB1B-4CC7-86AF-0F6627234B58|106", "server":"AM3PEPF000009A9"}}
{"logTime": "0513/185728", "correlationVector":"kEHDyw8rwA7Rnfx3zYEyFe","action":"Initial GetUpdates", "result":""}
{"logTime": "0513/185728", "correlationVector":"kEHDyw8rwA7Rnfx3zYEyFe.2","action":"GetUpdates Response", "result":"SERVER_MORE_TO_DOWNLOAD"}
{"logTime": "0513/185728", "correlationVector":"9TuwrkpMD9qf1O9fQ3tYeb","action":"Initial GetUpdates", "result":""}
{"logTime": "0513/185728", "correlationVector":"9TuwrkpMD9qf1O9fQ3tYeb.2","action":"GetUpdates Response", "result":"SYNCER_OK"}
{"logTime": "0513/185728", "correlationVector":"7MC3sjpNuJz1ZT5krqEFzj","action":"Normal GetUpdate request", "result":""}
{"logTime": "0513/185728", "correlationVector":"7MC3sjpNuJz1ZT5krqEFzj.1","action":"SyncServerConnectionManagerRequest", "result":"SYNC_SERVER_OK", "context":{"environment":"48F630A6-CB1B-4CC7-86AF-0F6627234B58|106", "server":"AM3PEPF000009A9"}}
{"logTime": "0513/185728", "correlationVector":"7MC3sjpNuJz1ZT5krqEFzj.2","action":"GetUpdates Response", "result":"SYNCER_OK"}
{"logTime": "0513/190142", "correlationVector":"INVALID_CV","action":"FeedSettingFetch_homeCloud", "result":"4", "context":{"status_code":"3", "status_message":"Network Error: net::ERR_CONNECTION_TIMED_OUT"}}
{"logTime": "0513/190154", "correlationVector":"OafK7h2iAelIFUXoHsEb6w.0","action":"FeedSettingFetch_homeCloud", "result":"0", "context":{}}
{"logTime": "0513/190202", "correlationVector":"OafK7h2iAelIFUXoHsEb6w.0","action":"SyncServerConnectionManagerRequest", "result":"SYNC_SERVER_OK", "context":{"environment":"", "server":""}}
{"logTime": "0513/190204", "correlationVector":"5cYjqxc4GymVtAJMQFFUW7.1","action":"SyncServerConnectionManagerRequest", "result":"SYNC_SERVER_OK", "context":{"environment":"48F630A6-CB1B-4CC7-86AF-0F6627234B58|106", "server":"AM3PEPF0000099A"}}
{"logTime": "0513/190206", "correlationVector":"1eKE6K2Uc+2UOMh4+Mvspf.1","action":"SyncServerConnectionManagerRequest", "result":"SYNC_SERVER_OK", "context":{"environment":"48F630A6-CB1B-4CC7-86AF-0F6627234B58|106", "server":"AM3PEPF0000099A"}}
{"logTime": "0513/190206", "correlationVector":"5cYjqxc4GymVtAJMQFFUW7","action":"Initial GetUpdates", "result":""}
{"logTime": "0513/190206", "correlationVector":"5cYjqxc4GymVtAJMQFFUW7.2","action":"GetUpdates Response", "result":"SERVER_MORE_TO_DOWNLOAD"}
{"logTime": "0513/190206", "correlationVector":"1eKE6K2Uc+2UOMh4+Mvspf","action":"Initial GetUpdates", "result":""}
{"logTime": "0513/190206", "correlationVector":"1eKE6K2Uc+2UOMh4+Mvspf.2","action":"GetUpdates Response", "result":"SYNCER_OK"}
{"logTime": "0513/190206", "correlationVector":"D9ROIySyzSbqUls7d1m0x9","action":"Normal GetUpdate request", "result":""}
{"logTime": "0513/190207", "correlationVector":"D9ROIySyzSbqUls7d1m0x9.1","action":"SyncServerConnectionManagerRequest", "result":"SYNC_SERVER_OK", "context":{"environment":"48F630A6-CB1B-4CC7-86AF-0F6627234B58|106", "server":"AM3PEPF0000099A"}}
{"logTime": "0513/190207", "correlationVector":"D9ROIySyzSbqUls7d1m0x9.2","action":"GetUpdates Response", "result":"SYNCER_OK"}
{"logTime": "0513/190639", "correlationVector":"1A5AJVoFSX1PsWfWdZjs/0","action":"Poll GetUpdate request", "result":""}
{"logTime": "0513/190654", "correlationVector":"1A5AJVoFSX1PsWfWdZjs/0.1","action":"SyncServerConnectionManagerRequest", "result":"SYNC_SERVER_OK", "context":{"environment":"48F630A6-CB1B-4CC7-86AF-0F6627234B58|106", "server":"AM3PEPF00000991"}}
{"logTime": "0513/190654", "correlationVector":"1A5AJVoFSX1PsWfWdZjs/0.2","action":"GetUpdates Response", "result":"SYNCER_OK"}
